状态 86冲突：25 项归约/归约


语法

    0 $accept: commands $end

    1 commands: command_wrapper opt_semicolon

    2 command_wrapper: calc_stmt
    3                | select_stmt
    4                | insert_stmt
    5                | update_stmt
    6                | delete_stmt
    7                | create_table_stmt
    8                | drop_table_stmt
    9                | show_tables_stmt
   10                | desc_table_stmt
   11                | create_index_stmt
   12                | drop_index_stmt
   13                | sync_stmt
   14                | begin_stmt
   15                | commit_stmt
   16                | rollback_stmt
   17                | load_data_stmt
   18                | explain_stmt
   19                | set_variable_stmt
   20                | help_stmt
   21                | exit_stmt

   22 exit_stmt: EXIT

   23 help_stmt: HELP

   24 sync_stmt: SYNC

   25 begin_stmt: TRX_BEGIN

   26 commit_stmt: TRX_COMMIT

   27 rollback_stmt: TRX_ROLLBACK

   28 drop_table_stmt: DROP TABLE ID

   29 show_tables_stmt: SHOW TABLES

   30 desc_table_stmt: DESC ID

   31 create_index_stmt: CREATE opt_unique INDEX ID ON ID LBRACE ID_list RBRACE

   32 opt_unique: ε
   33           | UNIQUE

   34 ID_list: ID
   35        | ID COMMA ID_list

   36 drop_index_stmt: DROP INDEX ID ON ID

   37 create_table_stmt: CREATE TABLE ID LBRACE attr_def attr_def_list RBRACE storage_format

   38 attr_def_list: ε
   39              | COMMA attr_def attr_def_list

   40 attr_def: ID type LBRACE number RBRACE opt_null
   41         | ID type opt_null

   42 opt_null: ε
   43         | NULLABLE_SYM
   44         | NULL_SYM
   45         | NOT NULL_SYM

   46 number: NUMBER

   47 type: INT_T
   48     | STRING_T
   49     | FLOAT_T
   50     | DATE_T
   51     | TEXT_T

   52 insert_stmt: INSERT INTO ID VALUES LBRACE value value_list RBRACE

   53 value_list: ε
   54           | COMMA value value_list

   55 value: '-' value
   56      | NULL_SYM
   57      | NUMBER
   58      | FLOAT
   59      | SSS

   60 storage_format: ε
   61               | STORAGE FORMAT EQ ID

   62 delete_stmt: DELETE FROM ID where

   63 update_stmt: UPDATE ID SET ID EQ value where

   64 select_stmt: SELECT expression_list FROM table_ref_list where group_by opt_order_by

   65 opt_order_by: ε
   66             | ORDER BY order_by_list

   67 order_by_list: order_by
   68              | order_by COMMA order_by_list

   69 order_by: expression
   70         | expression ASC
   71         | expression DESC

   72 calc_stmt: CALC expression_list

   73 expression_list: expression
   74                | expression COMMA expression_list

   75 expression: '-' expression
   76           | expression '+' expression
   77           | expression '-' expression
   78           | expression '*' expression
   79           | expression '/' expression
   80           | LBRACE expression RBRACE
   81           | value
   82           | rel_attr
   83           | '*'
   84           | MAX LBRACE expression RBRACE
   85           | MIN LBRACE expression RBRACE
   86           | SUM LBRACE expression RBRACE
   87           | AVG LBRACE expression RBRACE
   88           | COUNT LBRACE expression RBRACE

   89 rel_attr: ID
   90         | ID DOT ID

   91 relation: ID

   92 table_ref_list: comma_ref_list
   93               | join_ref_list

   94 comma_ref_list: relation
   95               | relation COMMA table_ref_list

   96 join_ref_list: relation INNER JOIN relation ON condition_list
   97              | join_ref_list INNER JOIN relation ON condition_list

   98 where: ε
   99      | WHERE condition_list

  100 condition_list: ε
  101               | condition
  102               | condition AND condition_list

  103 condition: expression comp_op expression
  104          | expression IS_SYM NULL_SYM

  105 comp_op: EQ
  106        | LT
  107        | GT
  108        | LE
  109        | GE
  110        | NE
  111        | LIKE
  112        | NOT LIKE

  113 group_by: ε
  114         | GROUP BY expression_list

  115 load_data_stmt: LOAD DATA INFILE SSS INTO TABLE ID

  116 explain_stmt: EXPLAIN command_wrapper

  117 set_variable_stmt: SET ID EQ value

  118 opt_semicolon: ε
  119              | SEMICOLON


终结语词，附有它们出现处的规则

    $end (0) 0
    '*' (42) 78 83
    '+' (43) 76
    '-' (45) 55 75 77
    '/' (47) 79
    error (256)
    SEMICOLON (258) 119
    BY (259) 66 114
    CREATE (260) 31 37
    DROP (261) 28 36
    GROUP (262) 114
    TABLE (263) 28 37 115
    TABLES (264) 29
    INDEX (265) 31 36
    CALC (266) 72
    SELECT (267) 64
    DESC (268) 30 71
    SHOW (269) 29
    SYNC (270) 24
    INSERT (271) 52
    DELETE (272) 62
    UPDATE (273) 63
    LBRACE (274) 31 37 40 52 80 84 85 86 87 88
    RBRACE (275) 31 37 40 52 80 84 85 86 87 88
    COMMA (276) 35 39 54 68 74 95
    TRX_BEGIN (277) 25
    TRX_COMMIT (278) 26
    TRX_ROLLBACK (279) 27
    INT_T (280) 47
    STRING_T (281) 48
    FLOAT_T (282) 49
    DATE_T (283) 50
    TEXT_T (284) 51
    HELP (285) 23
    EXIT (286) 22
    DOT (287) 90
    INTO (288) 52 115
    VALUES (289) 52
    FROM (290) 62 64
    WHERE (291) 99
    AND (292) 102
    SET (293) 63 117
    ON (294) 31 36 96 97
    LOAD (295) 115
    DATA (296) 115
    INFILE (297) 115
    EXPLAIN (298) 116
    STORAGE (299) 61
    FORMAT (300) 61
    EQ (301) 61 63 105 117
    LT (302) 106
    GT (303) 107
    LE (304) 108
    GE (305) 109
    NE (306) 110
    MAX (307) 84
    MIN (308) 85
    SUM (309) 86
    AVG (310) 87
    COUNT (311) 88
    INNER (312) 96 97
    JOIN (313) 96 97
    UNIQUE (314) 33
    IS_SYM (315) 104
    NOT (316) 45 112
    LIKE (317) 111 112
    NULL_SYM (318) 44 45 56 104
    NULLABLE_SYM (319) 43
    ORDER (320) 66
    ASC (321) 70
    NUMBER <number> (322) 46 57
    FLOAT <floats> (323) 58
    ID <string> (324) 28 30 31 34 35 36 37 40 41 52 61 62 63 89 90 91 115 117
    SSS <string> (325) 59 115
    UMINUS (326)


非终结语词，附有它们出现处的规则

    $accept (76)
        on left: 0
    commands <sql_node> (77)
        on left: 1
        on right: 0
    command_wrapper <sql_node> (78)
        on left: 2 3 4 5 6 7 8 9 10 11 12 13 14 15 16 17 18 19 20 21
        on right: 1 116
    exit_stmt <sql_node> (79)
        on left: 22
        on right: 21
    help_stmt <sql_node> (80)
        on left: 23
        on right: 20
    sync_stmt <sql_node> (81)
        on left: 24
        on right: 13
    begin_stmt <sql_node> (82)
        on left: 25
        on right: 14
    commit_stmt <sql_node> (83)
        on left: 26
        on right: 15
    rollback_stmt <sql_node> (84)
        on left: 27
        on right: 16
    drop_table_stmt <sql_node> (85)
        on left: 28
        on right: 8
    show_tables_stmt <sql_node> (86)
        on left: 29
        on right: 9
    desc_table_stmt <sql_node> (87)
        on left: 30
        on right: 10
    create_index_stmt <sql_node> (88)
        on left: 31
        on right: 11
    opt_unique <bools> (89)
        on left: 32 33
        on right: 31
    ID_list <id_list> (90)
        on left: 34 35
        on right: 31 35
    drop_index_stmt <sql_node> (91)
        on left: 36
        on right: 12
    create_table_stmt <sql_node> (92)
        on left: 37
        on right: 7
    attr_def_list <attr_infos> (93)
        on left: 38 39
        on right: 37 39
    attr_def <attr_info> (94)
        on left: 40 41
        on right: 37 39
    opt_null <bools> (95)
        on left: 42 43 44 45
        on right: 40 41
    number <number> (96)
        on left: 46
        on right: 40
    type <number> (97)
        on left: 47 48 49 50 51
        on right: 40 41
    insert_stmt <sql_node> (98)
        on left: 52
        on right: 4
    value_list <value_list> (99)
        on left: 53 54
        on right: 52 54
    value <value> (100)
        on left: 55 56 57 58 59
        on right: 52 54 55 63 81 117
    storage_format <string> (101)
        on left: 60 61
        on right: 37
    delete_stmt <sql_node> (102)
        on left: 62
        on right: 6
    update_stmt <sql_node> (103)
        on left: 63
        on right: 5
    select_stmt <sql_node> (104)
        on left: 64
        on right: 3
    opt_order_by <order_by_list> (105)
        on left: 65 66
        on right: 64
    order_by_list <order_by_list> (106)
        on left: 67 68
        on right: 66 68
    order_by <order_by> (107)
        on left: 69 70 71
        on right: 67 68
    calc_stmt <sql_node> (108)
        on left: 72
        on right: 2
    expression_list <expression_list> (109)
        on left: 73 74
        on right: 64 72 74 114
    expression <expression> (110)
        on left: 75 76 77 78 79 80 81 82 83 84 85 86 87 88
        on right: 69 70 71 73 74 75 76 77 78 79 80 84 85 86 87 88 103 104
    rel_attr <rel_attr> (111)
        on left: 89 90
        on right: 82
    relation <string> (112)
        on left: 91
        on right: 94 95 96 97
    table_ref_list <table_ref_list> (113)
        on left: 92 93
        on right: 64 95
    comma_ref_list <table_ref_list> (114)
        on left: 94 95
        on right: 92
    join_ref_list <table_ref_list> (115)
        on left: 96 97
        on right: 93 97
    where <condition_list> (116)
        on left: 98 99
        on right: 62 63 64
    condition_list <condition_list> (117)
        on left: 100 101 102
        on right: 96 97 99 102
    condition <condition> (118)
        on left: 103 104
        on right: 101 102
    comp_op <comp> (119)
        on left: 105 106 107 108 109 110 111 112
        on right: 103
    group_by <expression_list> (120)
        on left: 113 114
        on right: 64
    load_data_stmt <sql_node> (121)
        on left: 115
        on right: 17
    explain_stmt <sql_node> (122)
        on left: 116
        on right: 18
    set_variable_stmt <sql_node> (123)
        on left: 117
        on right: 19
    opt_semicolon (124)
        on left: 118 119
        on right: 1


状态 0

    0 $accept: • commands $end

    CREATE        偏移，并进入状态 1
    DROP          偏移，并进入状态 2
    CALC          偏移，并进入状态 3
    SELECT        偏移，并进入状态 4
    DESC          偏移，并进入状态 5
    SHOW          偏移，并进入状态 6
    SYNC          偏移，并进入状态 7
    INSERT        偏移，并进入状态 8
    DELETE        偏移，并进入状态 9
    UPDATE        偏移，并进入状态 10
    TRX_BEGIN     偏移，并进入状态 11
    TRX_COMMIT    偏移，并进入状态 12
    TRX_ROLLBACK  偏移，并进入状态 13
    HELP          偏移，并进入状态 14
    EXIT          偏移，并进入状态 15
    SET           偏移，并进入状态 16
    LOAD          偏移，并进入状态 17
    EXPLAIN       偏移，并进入状态 18

    commands           转到状态 19
    command_wrapper    转到状态 20
    exit_stmt          转到状态 21
    help_stmt          转到状态 22
    sync_stmt          转到状态 23
    begin_stmt         转到状态 24
    commit_stmt        转到状态 25
    rollback_stmt      转到状态 26
    drop_table_stmt    转到状态 27
    show_tables_stmt   转到状态 28
    desc_table_stmt    转到状态 29
    create_index_stmt  转到状态 30
    drop_index_stmt    转到状态 31
    create_table_stmt  转到状态 32
    insert_stmt        转到状态 33
    delete_stmt        转到状态 34
    update_stmt        转到状态 35
    select_stmt        转到状态 36
    calc_stmt          转到状态 37
    load_data_stmt     转到状态 38
    explain_stmt       转到状态 39
    set_variable_stmt  转到状态 40


状态 1

   31 create_index_stmt: CREATE • opt_unique INDEX ID ON ID LBRACE ID_list RBRACE
   37 create_table_stmt: CREATE • TABLE ID LBRACE attr_def attr_def_list RBRACE storage_format

    TABLE   偏移，并进入状态 41
    UNIQUE  偏移，并进入状态 42

    $default  使用规则 32 以归约 (opt_unique)

    opt_unique  转到状态 43


状态 2

   28 drop_table_stmt: DROP • TABLE ID
   36 drop_index_stmt: DROP • INDEX ID ON ID

    TABLE  偏移，并进入状态 44
    INDEX  偏移，并进入状态 45


状态 3

   72 calc_stmt: CALC • expression_list

    LBRACE    偏移，并进入状态 46
    MAX       偏移，并进入状态 47
    MIN       偏移，并进入状态 48
    SUM       偏移，并进入状态 49
    AVG       偏移，并进入状态 50
    COUNT     偏移，并进入状态 51
    NULL_SYM  偏移，并进入状态 52
    NUMBER    偏移，并进入状态 53
    FLOAT     偏移，并进入状态 54
    ID        偏移，并进入状态 55
    SSS       偏移，并进入状态 56
    '-'       偏移，并进入状态 57
    '*'       偏移，并进入状态 58

    value            转到状态 59
    expression_list  转到状态 60
    expression       转到状态 61
    rel_attr         转到状态 62


状态 4

   64 select_stmt: SELECT • expression_list FROM table_ref_list where group_by opt_order_by

    LBRACE    偏移，并进入状态 46
    MAX       偏移，并进入状态 47
    MIN       偏移，并进入状态 48
    SUM       偏移，并进入状态 49
    AVG       偏移，并进入状态 50
    COUNT     偏移，并进入状态 51
    NULL_SYM  偏移，并进入状态 52
    NUMBER    偏移，并进入状态 53
    FLOAT     偏移，并进入状态 54
    ID        偏移，并进入状态 55
    SSS       偏移，并进入状态 56
    '-'       偏移，并进入状态 57
    '*'       偏移，并进入状态 58

    value            转到状态 59
    expression_list  转到状态 63
    expression       转到状态 61
    rel_attr         转到状态 62


状态 5

   30 desc_table_stmt: DESC • ID

    ID  偏移，并进入状态 64


状态 6

   29 show_tables_stmt: SHOW • TABLES

    TABLES  偏移，并进入状态 65


状态 7

   24 sync_stmt: SYNC •

    $default  使用规则 24 以归约 (sync_stmt)


状态 8

   52 insert_stmt: INSERT • INTO ID VALUES LBRACE value value_list RBRACE

    INTO  偏移，并进入状态 66


状态 9

   62 delete_stmt: DELETE • FROM ID where

    FROM  偏移，并进入状态 67


状态 10

   63 update_stmt: UPDATE • ID SET ID EQ value where

    ID  偏移，并进入状态 68


状态 11

   25 begin_stmt: TRX_BEGIN •

    $default  使用规则 25 以归约 (begin_stmt)


状态 12

   26 commit_stmt: TRX_COMMIT •

    $default  使用规则 26 以归约 (commit_stmt)


状态 13

   27 rollback_stmt: TRX_ROLLBACK •

    $default  使用规则 27 以归约 (rollback_stmt)


状态 14

   23 help_stmt: HELP •

    $default  使用规则 23 以归约 (help_stmt)


状态 15

   22 exit_stmt: EXIT •

    $default  使用规则 22 以归约 (exit_stmt)


状态 16

  117 set_variable_stmt: SET • ID EQ value

    ID  偏移，并进入状态 69


状态 17

  115 load_data_stmt: LOAD • DATA INFILE SSS INTO TABLE ID

    DATA  偏移，并进入状态 70


状态 18

  116 explain_stmt: EXPLAIN • command_wrapper

    CREATE        偏移，并进入状态 1
    DROP          偏移，并进入状态 2
    CALC          偏移，并进入状态 3
    SELECT        偏移，并进入状态 4
    DESC          偏移，并进入状态 5
    SHOW          偏移，并进入状态 6
    SYNC          偏移，并进入状态 7
    INSERT        偏移，并进入状态 8
    DELETE        偏移，并进入状态 9
    UPDATE        偏移，并进入状态 10
    TRX_BEGIN     偏移，并进入状态 11
    TRX_COMMIT    偏移，并进入状态 12
    TRX_ROLLBACK  偏移，并进入状态 13
    HELP          偏移，并进入状态 14
    EXIT          偏移，并进入状态 15
    SET           偏移，并进入状态 16
    LOAD          偏移，并进入状态 17
    EXPLAIN       偏移，并进入状态 18

    command_wrapper    转到状态 71
    exit_stmt          转到状态 21
    help_stmt          转到状态 22
    sync_stmt          转到状态 23
    begin_stmt         转到状态 24
    commit_stmt        转到状态 25
    rollback_stmt      转到状态 26
    drop_table_stmt    转到状态 27
    show_tables_stmt   转到状态 28
    desc_table_stmt    转到状态 29
    create_index_stmt  转到状态 30
    drop_index_stmt    转到状态 31
    create_table_stmt  转到状态 32
    insert_stmt        转到状态 33
    delete_stmt        转到状态 34
    update_stmt        转到状态 35
    select_stmt        转到状态 36
    calc_stmt          转到状态 37
    load_data_stmt     转到状态 38
    explain_stmt       转到状态 39
    set_variable_stmt  转到状态 40


状态 19

    0 $accept: commands • $end

    $end  偏移，并进入状态 72


状态 20

    1 commands: command_wrapper • opt_semicolon

    SEMICOLON  偏移，并进入状态 73

    $default  使用规则 118 以归约 (opt_semicolon)

    opt_semicolon  转到状态 74


状态 21

   21 command_wrapper: exit_stmt •

    $default  使用规则 21 以归约 (command_wrapper)


状态 22

   20 command_wrapper: help_stmt •

    $default  使用规则 20 以归约 (command_wrapper)


状态 23

   13 command_wrapper: sync_stmt •

    $default  使用规则 13 以归约 (command_wrapper)


状态 24

   14 command_wrapper: begin_stmt •

    $default  使用规则 14 以归约 (command_wrapper)


状态 25

   15 command_wrapper: commit_stmt •

    $default  使用规则 15 以归约 (command_wrapper)


状态 26

   16 command_wrapper: rollback_stmt •

    $default  使用规则 16 以归约 (command_wrapper)


状态 27

    8 command_wrapper: drop_table_stmt •

    $default  使用规则 8 以归约 (command_wrapper)


状态 28

    9 command_wrapper: show_tables_stmt •

    $default  使用规则 9 以归约 (command_wrapper)


状态 29

   10 command_wrapper: desc_table_stmt •

    $default  使用规则 10 以归约 (command_wrapper)


状态 30

   11 command_wrapper: create_index_stmt •

    $default  使用规则 11 以归约 (command_wrapper)


状态 31

   12 command_wrapper: drop_index_stmt •

    $default  使用规则 12 以归约 (command_wrapper)


状态 32

    7 command_wrapper: create_table_stmt •

    $default  使用规则 7 以归约 (command_wrapper)


状态 33

    4 command_wrapper: insert_stmt •

    $default  使用规则 4 以归约 (command_wrapper)


状态 34

    6 command_wrapper: delete_stmt •

    $default  使用规则 6 以归约 (command_wrapper)


状态 35

    5 command_wrapper: update_stmt •

    $default  使用规则 5 以归约 (command_wrapper)


状态 36

    3 command_wrapper: select_stmt •

    $default  使用规则 3 以归约 (command_wrapper)


状态 37

    2 command_wrapper: calc_stmt •

    $default  使用规则 2 以归约 (command_wrapper)


状态 38

   17 command_wrapper: load_data_stmt •

    $default  使用规则 17 以归约 (command_wrapper)


状态 39

   18 command_wrapper: explain_stmt •

    $default  使用规则 18 以归约 (command_wrapper)


状态 40

   19 command_wrapper: set_variable_stmt •

    $default  使用规则 19 以归约 (command_wrapper)


状态 41

   37 create_table_stmt: CREATE TABLE • ID LBRACE attr_def attr_def_list RBRACE storage_format

    ID  偏移，并进入状态 75


状态 42

   33 opt_unique: UNIQUE •

    $default  使用规则 33 以归约 (opt_unique)


状态 43

   31 create_index_stmt: CREATE opt_unique • INDEX ID ON ID LBRACE ID_list RBRACE

    INDEX  偏移，并进入状态 76


状态 44

   28 drop_table_stmt: DROP TABLE • ID

    ID  偏移，并进入状态 77


状态 45

   36 drop_index_stmt: DROP INDEX • ID ON ID

    ID  偏移，并进入状态 78


状态 46

   80 expression: LBRACE • expression RBRACE

    LBRACE    偏移，并进入状态 46
    MAX       偏移，并进入状态 47
    MIN       偏移，并进入状态 48
    SUM       偏移，并进入状态 49
    AVG       偏移，并进入状态 50
    COUNT     偏移，并进入状态 51
    NULL_SYM  偏移，并进入状态 52
    NUMBER    偏移，并进入状态 53
    FLOAT     偏移，并进入状态 54
    ID        偏移，并进入状态 55
    SSS       偏移，并进入状态 56
    '-'       偏移，并进入状态 57
    '*'       偏移，并进入状态 58

    value       转到状态 59
    expression  转到状态 79
    rel_attr    转到状态 62


状态 47

   84 expression: MAX • LBRACE expression RBRACE

    LBRACE  偏移，并进入状态 80


状态 48

   85 expression: MIN • LBRACE expression RBRACE

    LBRACE  偏移，并进入状态 81


状态 49

   86 expression: SUM • LBRACE expression RBRACE

    LBRACE  偏移，并进入状态 82


状态 50

   87 expression: AVG • LBRACE expression RBRACE

    LBRACE  偏移，并进入状态 83


状态 51

   88 expression: COUNT • LBRACE expression RBRACE

    LBRACE  偏移，并进入状态 84


状态 52

   56 value: NULL_SYM •

    $default  使用规则 56 以归约 (value)


状态 53

   57 value: NUMBER •

    $default  使用规则 57 以归约 (value)


状态 54

   58 value: FLOAT •

    $default  使用规则 58 以归约 (value)


状态 55

   89 rel_attr: ID •
   90         | ID • DOT ID

    DOT  偏移，并进入状态 85

    $default  使用规则 89 以归约 (rel_attr)


状态 56

   59 value: SSS •

    $default  使用规则 59 以归约 (value)


状态 57

   55 value: '-' • value
   75 expression: '-' • expression

    LBRACE    偏移，并进入状态 46
    MAX       偏移，并进入状态 47
    MIN       偏移，并进入状态 48
    SUM       偏移，并进入状态 49
    AVG       偏移，并进入状态 50
    COUNT     偏移，并进入状态 51
    NULL_SYM  偏移，并进入状态 52
    NUMBER    偏移，并进入状态 53
    FLOAT     偏移，并进入状态 54
    ID        偏移，并进入状态 55
    SSS       偏移，并进入状态 56
    '-'       偏移，并进入状态 57
    '*'       偏移，并进入状态 58

    value       转到状态 86
    expression  转到状态 87
    rel_attr    转到状态 62


状态 58

   83 expression: '*' •

    $default  使用规则 83 以归约 (expression)


状态 59

   81 expression: value •

    $default  使用规则 81 以归约 (expression)


状态 60

   72 calc_stmt: CALC expression_list •

    $default  使用规则 72 以归约 (calc_stmt)


状态 61

   73 expression_list: expression •
   74                | expression • COMMA expression_list
   76 expression: expression • '+' expression
   77           | expression • '-' expression
   78           | expression • '*' expression
   79           | expression • '/' expression

    COMMA  偏移，并进入状态 88
    '+'    偏移，并进入状态 89
    '-'    偏移，并进入状态 90
    '*'    偏移，并进入状态 91
    '/'    偏移，并进入状态 92

    $default  使用规则 73 以归约 (expression_list)


状态 62

   82 expression: rel_attr •

    $default  使用规则 82 以归约 (expression)


状态 63

   64 select_stmt: SELECT expression_list • FROM table_ref_list where group_by opt_order_by

    FROM  偏移，并进入状态 93


状态 64

   30 desc_table_stmt: DESC ID •

    $default  使用规则 30 以归约 (desc_table_stmt)


状态 65

   29 show_tables_stmt: SHOW TABLES •

    $default  使用规则 29 以归约 (show_tables_stmt)


状态 66

   52 insert_stmt: INSERT INTO • ID VALUES LBRACE value value_list RBRACE

    ID  偏移，并进入状态 94


状态 67

   62 delete_stmt: DELETE FROM • ID where

    ID  偏移，并进入状态 95


状态 68

   63 update_stmt: UPDATE ID • SET ID EQ value where

    SET  偏移，并进入状态 96


状态 69

  117 set_variable_stmt: SET ID • EQ value

    EQ  偏移，并进入状态 97


状态 70

  115 load_data_stmt: LOAD DATA • INFILE SSS INTO TABLE ID

    INFILE  偏移，并进入状态 98


状态 71

  116 explain_stmt: EXPLAIN command_wrapper •

    $default  使用规则 116 以归约 (explain_stmt)


状态 72

    0 $accept: commands $end •

    $default  接受


状态 73

  119 opt_semicolon: SEMICOLON •

    $default  使用规则 119 以归约 (opt_semicolon)


状态 74

    1 commands: command_wrapper opt_semicolon •

    $default  使用规则 1 以归约 (commands)


状态 75

   37 create_table_stmt: CREATE TABLE ID • LBRACE attr_def attr_def_list RBRACE storage_format

    LBRACE  偏移，并进入状态 99


状态 76

   31 create_index_stmt: CREATE opt_unique INDEX • ID ON ID LBRACE ID_list RBRACE

    ID  偏移，并进入状态 100


状态 77

   28 drop_table_stmt: DROP TABLE ID •

    $default  使用规则 28 以归约 (drop_table_stmt)


状态 78

   36 drop_index_stmt: DROP INDEX ID • ON ID

    ON  偏移，并进入状态 101


状态 79

   76 expression: expression • '+' expression
   77           | expression • '-' expression
   78           | expression • '*' expression
   79           | expression • '/' expression
   80           | LBRACE expression • RBRACE

    RBRACE  偏移，并进入状态 102
    '+'     偏移，并进入状态 89
    '-'     偏移，并进入状态 90
    '*'     偏移，并进入状态 91
    '/'     偏移，并进入状态 92


状态 80

   84 expression: MAX LBRACE • expression RBRACE

    LBRACE    偏移，并进入状态 46
    MAX       偏移，并进入状态 47
    MIN       偏移，并进入状态 48
    SUM       偏移，并进入状态 49
    AVG       偏移，并进入状态 50
    COUNT     偏移，并进入状态 51
    NULL_SYM  偏移，并进入状态 52
    NUMBER    偏移，并进入状态 53
    FLOAT     偏移，并进入状态 54
    ID        偏移，并进入状态 55
    SSS       偏移，并进入状态 56
    '-'       偏移，并进入状态 57
    '*'       偏移，并进入状态 58

    value       转到状态 59
    expression  转到状态 103
    rel_attr    转到状态 62


状态 81

   85 expression: MIN LBRACE • expression RBRACE

    LBRACE    偏移，并进入状态 46
    MAX       偏移，并进入状态 47
    MIN       偏移，并进入状态 48
    SUM       偏移，并进入状态 49
    AVG       偏移，并进入状态 50
    COUNT     偏移，并进入状态 51
    NULL_SYM  偏移，并进入状态 52
    NUMBER    偏移，并进入状态 53
    FLOAT     偏移，并进入状态 54
    ID        偏移，并进入状态 55
    SSS       偏移，并进入状态 56
    '-'       偏移，并进入状态 57
    '*'       偏移，并进入状态 58

    value       转到状态 59
    expression  转到状态 104
    rel_attr    转到状态 62


状态 82

   86 expression: SUM LBRACE • expression RBRACE

    LBRACE    偏移，并进入状态 46
    MAX       偏移，并进入状态 47
    MIN       偏移，并进入状态 48
    SUM       偏移，并进入状态 49
    AVG       偏移，并进入状态 50
    COUNT     偏移，并进入状态 51
    NULL_SYM  偏移，并进入状态 52
    NUMBER    偏移，并进入状态 53
    FLOAT     偏移，并进入状态 54
    ID        偏移，并进入状态 55
    SSS       偏移，并进入状态 56
    '-'       偏移，并进入状态 57
    '*'       偏移，并进入状态 58

    value       转到状态 59
    expression  转到状态 105
    rel_attr    转到状态 62


状态 83

   87 expression: AVG LBRACE • expression RBRACE

    LBRACE    偏移，并进入状态 46
    MAX       偏移，并进入状态 47
    MIN       偏移，并进入状态 48
    SUM       偏移，并进入状态 49
    AVG       偏移，并进入状态 50
    COUNT     偏移，并进入状态 51
    NULL_SYM  偏移，并进入状态 52
    NUMBER    偏移，并进入状态 53
    FLOAT     偏移，并进入状态 54
    ID        偏移，并进入状态 55
    SSS       偏移，并进入状态 56
    '-'       偏移，并进入状态 57
    '*'       偏移，并进入状态 58

    value       转到状态 59
    expression  转到状态 106
    rel_attr    转到状态 62


状态 84

   88 expression: COUNT LBRACE • expression RBRACE

    LBRACE    偏移，并进入状态 46
    MAX       偏移，并进入状态 47
    MIN       偏移，并进入状态 48
    SUM       偏移，并进入状态 49
    AVG       偏移，并进入状态 50
    COUNT     偏移，并进入状态 51
    NULL_SYM  偏移，并进入状态 52
    NUMBER    偏移，并进入状态 53
    FLOAT     偏移，并进入状态 54
    ID        偏移，并进入状态 55
    SSS       偏移，并进入状态 56
    '-'       偏移，并进入状态 57
    '*'       偏移，并进入状态 58

    value       转到状态 59
    expression  转到状态 107
    rel_attr    转到状态 62


状态 85

   90 rel_attr: ID DOT • ID

    ID  偏移，并进入状态 108


状态 86

   55 value: '-' value •
   81 expression: value •

    $end       使用规则 55 以归约 (value)
    $end       [使用规则 81 以归约 (expression)]
    SEMICOLON  使用规则 55 以归约 (value)
    SEMICOLON  [使用规则 81 以归约 (expression)]
    GROUP      使用规则 55 以归约 (value)
    GROUP      [使用规则 81 以归约 (expression)]
    DESC       使用规则 55 以归约 (value)
    DESC       [使用规则 81 以归约 (expression)]
    RBRACE     使用规则 55 以归约 (value)
    RBRACE     [使用规则 81 以归约 (expression)]
    COMMA      使用规则 55 以归约 (value)
    COMMA      [使用规则 81 以归约 (expression)]
    FROM       使用规则 55 以归约 (value)
    FROM       [使用规则 81 以归约 (expression)]
    WHERE      使用规则 55 以归约 (value)
    WHERE      [使用规则 81 以归约 (expression)]
    AND        使用规则 55 以归约 (value)
    AND        [使用规则 81 以归约 (expression)]
    EQ         使用规则 55 以归约 (value)
    EQ         [使用规则 81 以归约 (expression)]
    LT         使用规则 55 以归约 (value)
    LT         [使用规则 81 以归约 (expression)]
    GT         使用规则 55 以归约 (value)
    GT         [使用规则 81 以归约 (expression)]
    LE         使用规则 55 以归约 (value)
    LE         [使用规则 81 以归约 (expression)]
    GE         使用规则 55 以归约 (value)
    GE         [使用规则 81 以归约 (expression)]
    NE         使用规则 55 以归约 (value)
    NE         [使用规则 81 以归约 (expression)]
    INNER      使用规则 55 以归约 (value)
    INNER      [使用规则 81 以归约 (expression)]
    IS_SYM     使用规则 55 以归约 (value)
    IS_SYM     [使用规则 81 以归约 (expression)]
    NOT        使用规则 55 以归约 (value)
    NOT        [使用规则 81 以归约 (expression)]
    LIKE       使用规则 55 以归约 (value)
    LIKE       [使用规则 81 以归约 (expression)]
    ORDER      使用规则 55 以归约 (value)
    ORDER      [使用规则 81 以归约 (expression)]
    ASC        使用规则 55 以归约 (value)
    ASC        [使用规则 81 以归约 (expression)]
    '+'        使用规则 55 以归约 (value)
    '+'        [使用规则 81 以归约 (expression)]
    '-'        使用规则 55 以归约 (value)
    '-'        [使用规则 81 以归约 (expression)]
    '*'        使用规则 55 以归约 (value)
    '*'        [使用规则 81 以归约 (expression)]
    '/'        使用规则 55 以归约 (value)
    '/'        [使用规则 81 以归约 (expression)]
    $default   使用规则 55 以归约 (value)

    reduce/reduce conflict on tokens $end, SEMICOLON, GROUP, DESC, RBRACE, COMMA, FROM, WHERE, AND, EQ, LT, GT, LE, GE, NE, INNER, IS_SYM, NOT, LIKE, ORDER, ASC, '+', '-', '*', '/':
       55 value: '-' value •
       81 expression: value •
      Example: '-' value •
      First reduce derivation
        expression
        ↳ 81: value
              ↳ 55: '-' value •
      Second reduce derivation
        expression
        ↳ 75: '-' expression
                  ↳ 81: value •



状态 87

   75 expression: '-' expression •
   76           | expression • '+' expression
   77           | expression • '-' expression
   78           | expression • '*' expression
   79           | expression • '/' expression

    $default  使用规则 75 以归约 (expression)


状态 88

   74 expression_list: expression COMMA • expression_list

    LBRACE    偏移，并进入状态 46
    MAX       偏移，并进入状态 47
    MIN       偏移，并进入状态 48
    SUM       偏移，并进入状态 49
    AVG       偏移，并进入状态 50
    COUNT     偏移，并进入状态 51
    NULL_SYM  偏移，并进入状态 52
    NUMBER    偏移，并进入状态 53
    FLOAT     偏移，并进入状态 54
    ID        偏移，并进入状态 55
    SSS       偏移，并进入状态 56
    '-'       偏移，并进入状态 57
    '*'       偏移，并进入状态 58

    value            转到状态 59
    expression_list  转到状态 109
    expression       转到状态 61
    rel_attr         转到状态 62


状态 89

   76 expression: expression '+' • expression

    LBRACE    偏移，并进入状态 46
    MAX       偏移，并进入状态 47
    MIN       偏移，并进入状态 48
    SUM       偏移，并进入状态 49
    AVG       偏移，并进入状态 50
    COUNT     偏移，并进入状态 51
    NULL_SYM  偏移，并进入状态 52
    NUMBER    偏移，并进入状态 53
    FLOAT     偏移，并进入状态 54
    ID        偏移，并进入状态 55
    SSS       偏移，并进入状态 56
    '-'       偏移，并进入状态 57
    '*'       偏移，并进入状态 58

    value       转到状态 59
    expression  转到状态 110
    rel_attr    转到状态 62


状态 90

   77 expression: expression '-' • expression

    LBRACE    偏移，并进入状态 46
    MAX       偏移，并进入状态 47
    MIN       偏移，并进入状态 48
    SUM       偏移，并进入状态 49
    AVG       偏移，并进入状态 50
    COUNT     偏移，并进入状态 51
    NULL_SYM  偏移，并进入状态 52
    NUMBER    偏移，并进入状态 53
    FLOAT     偏移，并进入状态 54
    ID        偏移，并进入状态 55
    SSS       偏移，并进入状态 56
    '-'       偏移，并进入状态 57
    '*'       偏移，并进入状态 58

    value       转到状态 59
    expression  转到状态 111
    rel_attr    转到状态 62


状态 91

   78 expression: expression '*' • expression

    LBRACE    偏移，并进入状态 46
    MAX       偏移，并进入状态 47
    MIN       偏移，并进入状态 48
    SUM       偏移，并进入状态 49
    AVG       偏移，并进入状态 50
    COUNT     偏移，并进入状态 51
    NULL_SYM  偏移，并进入状态 52
    NUMBER    偏移，并进入状态 53
    FLOAT     偏移，并进入状态 54
    ID        偏移，并进入状态 55
    SSS       偏移，并进入状态 56
    '-'       偏移，并进入状态 57
    '*'       偏移，并进入状态 58

    value       转到状态 59
    expression  转到状态 112
    rel_attr    转到状态 62


状态 92

   79 expression: expression '/' • expression

    LBRACE    偏移，并进入状态 46
    MAX       偏移，并进入状态 47
    MIN       偏移，并进入状态 48
    SUM       偏移，并进入状态 49
    AVG       偏移，并进入状态 50
    COUNT     偏移，并进入状态 51
    NULL_SYM  偏移，并进入状态 52
    NUMBER    偏移，并进入状态 53
    FLOAT     偏移，并进入状态 54
    ID        偏移，并进入状态 55
    SSS       偏移，并进入状态 56
    '-'       偏移，并进入状态 57
    '*'       偏移，并进入状态 58

    value       转到状态 59
    expression  转到状态 113
    rel_attr    转到状态 62


状态 93

   64 select_stmt: SELECT expression_list FROM • table_ref_list where group_by opt_order_by

    ID  偏移，并进入状态 114

    relation        转到状态 115
    table_ref_list  转到状态 116
    comma_ref_list  转到状态 117
    join_ref_list   转到状态 118


状态 94

   52 insert_stmt: INSERT INTO ID • VALUES LBRACE value value_list RBRACE

    VALUES  偏移，并进入状态 119


状态 95

   62 delete_stmt: DELETE FROM ID • where

    WHERE  偏移，并进入状态 120

    $default  使用规则 98 以归约 (where)

    where  转到状态 121


状态 96

   63 update_stmt: UPDATE ID SET • ID EQ value where

    ID  偏移，并进入状态 122


状态 97

  117 set_variable_stmt: SET ID EQ • value

    NULL_SYM  偏移，并进入状态 52
    NUMBER    偏移，并进入状态 53
    FLOAT     偏移，并进入状态 54
    SSS       偏移，并进入状态 56
    '-'       偏移，并进入状态 123

    value  转到状态 124


状态 98

  115 load_data_stmt: LOAD DATA INFILE • SSS INTO TABLE ID

    SSS  偏移，并进入状态 125


状态 99

   37 create_table_stmt: CREATE TABLE ID LBRACE • attr_def attr_def_list RBRACE storage_format

    ID  偏移，并进入状态 126

    attr_def  转到状态 127


状态 100

   31 create_index_stmt: CREATE opt_unique INDEX ID • ON ID LBRACE ID_list RBRACE

    ON  偏移，并进入状态 128


状态 101

   36 drop_index_stmt: DROP INDEX ID ON • ID

    ID  偏移，并进入状态 129


状态 102

   80 expression: LBRACE expression RBRACE •

    $default  使用规则 80 以归约 (expression)


状态 103

   76 expression: expression • '+' expression
   77           | expression • '-' expression
   78           | expression • '*' expression
   79           | expression • '/' expression
   84           | MAX LBRACE expression • RBRACE

    RBRACE  偏移，并进入状态 130
    '+'     偏移，并进入状态 89
    '-'     偏移，并进入状态 90
    '*'     偏移，并进入状态 91
    '/'     偏移，并进入状态 92


状态 104

   76 expression: expression • '+' expression
   77           | expression • '-' expression
   78           | expression • '*' expression
   79           | expression • '/' expression
   85           | MIN LBRACE expression • RBRACE

    RBRACE  偏移，并进入状态 131
    '+'     偏移，并进入状态 89
    '-'     偏移，并进入状态 90
    '*'     偏移，并进入状态 91
    '/'     偏移，并进入状态 92


状态 105

   76 expression: expression • '+' expression
   77           | expression • '-' expression
   78           | expression • '*' expression
   79           | expression • '/' expression
   86           | SUM LBRACE expression • RBRACE

    RBRACE  偏移，并进入状态 132
    '+'     偏移，并进入状态 89
    '-'     偏移，并进入状态 90
    '*'     偏移，并进入状态 91
    '/'     偏移，并进入状态 92


状态 106

   76 expression: expression • '+' expression
   77           | expression • '-' expression
   78           | expression • '*' expression
   79           | expression • '/' expression
   87           | AVG LBRACE expression • RBRACE

    RBRACE  偏移，并进入状态 133
    '+'     偏移，并进入状态 89
    '-'     偏移，并进入状态 90
    '*'     偏移，并进入状态 91
    '/'     偏移，并进入状态 92


状态 107

   76 expression: expression • '+' expression
   77           | expression • '-' expression
   78           | expression • '*' expression
   79           | expression • '/' expression
   88           | COUNT LBRACE expression • RBRACE

    RBRACE  偏移，并进入状态 134
    '+'     偏移，并进入状态 89
    '-'     偏移，并进入状态 90
    '*'     偏移，并进入状态 91
    '/'     偏移，并进入状态 92


状态 108

   90 rel_attr: ID DOT ID •

    $default  使用规则 90 以归约 (rel_attr)


状态 109

   74 expression_list: expression COMMA expression_list •

    $default  使用规则 74 以归约 (expression_list)


状态 110

   76 expression: expression • '+' expression
   76           | expression '+' expression •
   77           | expression • '-' expression
   78           | expression • '*' expression
   79           | expression • '/' expression

    '*'  偏移，并进入状态 91
    '/'  偏移，并进入状态 92

    $default  使用规则 76 以归约 (expression)


状态 111

   76 expression: expression • '+' expression
   77           | expression • '-' expression
   77           | expression '-' expression •
   78           | expression • '*' expression
   79           | expression • '/' expression

    '*'  偏移，并进入状态 91
    '/'  偏移，并进入状态 92

    $default  使用规则 77 以归约 (expression)


状态 112

   76 expression: expression • '+' expression
   77           | expression • '-' expression
   78           | expression • '*' expression
   78           | expression '*' expression •
   79           | expression • '/' expression

    $default  使用规则 78 以归约 (expression)


状态 113

   76 expression: expression • '+' expression
   77           | expression • '-' expression
   78           | expression • '*' expression
   79           | expression • '/' expression
   79           | expression '/' expression •

    $default  使用规则 79 以归约 (expression)


状态 114

   91 relation: ID •

    $default  使用规则 91 以归约 (relation)


状态 115

   94 comma_ref_list: relation •
   95               | relation • COMMA table_ref_list
   96 join_ref_list: relation • INNER JOIN relation ON condition_list

    COMMA  偏移，并进入状态 135
    INNER  偏移，并进入状态 136

    $default  使用规则 94 以归约 (comma_ref_list)


状态 116

   64 select_stmt: SELECT expression_list FROM table_ref_list • where group_by opt_order_by

    WHERE  偏移，并进入状态 120

    $default  使用规则 98 以归约 (where)

    where  转到状态 137


状态 117

   92 table_ref_list: comma_ref_list •

    $default  使用规则 92 以归约 (table_ref_list)


状态 118

   93 table_ref_list: join_ref_list •
   97 join_ref_list: join_ref_list • INNER JOIN relation ON condition_list

    INNER  偏移，并进入状态 138

    $default  使用规则 93 以归约 (table_ref_list)


状态 119

   52 insert_stmt: INSERT INTO ID VALUES • LBRACE value value_list RBRACE

    LBRACE  偏移，并进入状态 139


状态 120

   99 where: WHERE • condition_list

    LBRACE    偏移，并进入状态 46
    MAX       偏移，并进入状态 47
    MIN       偏移，并进入状态 48
    SUM       偏移，并进入状态 49
    AVG       偏移，并进入状态 50
    COUNT     偏移，并进入状态 51
    NULL_SYM  偏移，并进入状态 52
    NUMBER    偏移，并进入状态 53
    FLOAT     偏移，并进入状态 54
    ID        偏移，并进入状态 55
    SSS       偏移，并进入状态 56
    '-'       偏移，并进入状态 57
    '*'       偏移，并进入状态 58

    $default  使用规则 100 以归约 (condition_list)

    value           转到状态 59
    expression      转到状态 140
    rel_attr        转到状态 62
    condition_list  转到状态 141
    condition       转到状态 142


状态 121

   62 delete_stmt: DELETE FROM ID where •

    $default  使用规则 62 以归约 (delete_stmt)


状态 122

   63 update_stmt: UPDATE ID SET ID • EQ value where

    EQ  偏移，并进入状态 143


状态 123

   55 value: '-' • value

    NULL_SYM  偏移，并进入状态 52
    NUMBER    偏移，并进入状态 53
    FLOAT     偏移，并进入状态 54
    SSS       偏移，并进入状态 56
    '-'       偏移，并进入状态 123

    value  转到状态 144


状态 124

  117 set_variable_stmt: SET ID EQ value •

    $default  使用规则 117 以归约 (set_variable_stmt)


状态 125

  115 load_data_stmt: LOAD DATA INFILE SSS • INTO TABLE ID

    INTO  偏移，并进入状态 145


状态 126

   40 attr_def: ID • type LBRACE number RBRACE opt_null
   41         | ID • type opt_null

    INT_T     偏移，并进入状态 146
    STRING_T  偏移，并进入状态 147
    FLOAT_T   偏移，并进入状态 148
    DATE_T    偏移，并进入状态 149
    TEXT_T    偏移，并进入状态 150

    type  转到状态 151


状态 127

   37 create_table_stmt: CREATE TABLE ID LBRACE attr_def • attr_def_list RBRACE storage_format

    COMMA  偏移，并进入状态 152

    $default  使用规则 38 以归约 (attr_def_list)

    attr_def_list  转到状态 153


状态 128

   31 create_index_stmt: CREATE opt_unique INDEX ID ON • ID LBRACE ID_list RBRACE

    ID  偏移，并进入状态 154


状态 129

   36 drop_index_stmt: DROP INDEX ID ON ID •

    $default  使用规则 36 以归约 (drop_index_stmt)


状态 130

   84 expression: MAX LBRACE expression RBRACE •

    $default  使用规则 84 以归约 (expression)


状态 131

   85 expression: MIN LBRACE expression RBRACE •

    $default  使用规则 85 以归约 (expression)


状态 132

   86 expression: SUM LBRACE expression RBRACE •

    $default  使用规则 86 以归约 (expression)


状态 133

   87 expression: AVG LBRACE expression RBRACE •

    $default  使用规则 87 以归约 (expression)


状态 134

   88 expression: COUNT LBRACE expression RBRACE •

    $default  使用规则 88 以归约 (expression)


状态 135

   95 comma_ref_list: relation COMMA • table_ref_list

    ID  偏移，并进入状态 114

    relation        转到状态 115
    table_ref_list  转到状态 155
    comma_ref_list  转到状态 117
    join_ref_list   转到状态 118


状态 136

   96 join_ref_list: relation INNER • JOIN relation ON condition_list

    JOIN  偏移，并进入状态 156


状态 137

   64 select_stmt: SELECT expression_list FROM table_ref_list where • group_by opt_order_by

    GROUP  偏移，并进入状态 157

    $default  使用规则 113 以归约 (group_by)

    group_by  转到状态 158


状态 138

   97 join_ref_list: join_ref_list INNER • JOIN relation ON condition_list

    JOIN  偏移，并进入状态 159


状态 139

   52 insert_stmt: INSERT INTO ID VALUES LBRACE • value value_list RBRACE

    NULL_SYM  偏移，并进入状态 52
    NUMBER    偏移，并进入状态 53
    FLOAT     偏移，并进入状态 54
    SSS       偏移，并进入状态 56
    '-'       偏移，并进入状态 123

    value  转到状态 160


状态 140

   76 expression: expression • '+' expression
   77           | expression • '-' expression
   78           | expression • '*' expression
   79           | expression • '/' expression
  103 condition: expression • comp_op expression
  104          | expression • IS_SYM NULL_SYM

    EQ      偏移，并进入状态 161
    LT      偏移，并进入状态 162
    GT      偏移，并进入状态 163
    LE      偏移，并进入状态 164
    GE      偏移，并进入状态 165
    NE      偏移，并进入状态 166
    IS_SYM  偏移，并进入状态 167
    NOT     偏移，并进入状态 168
    LIKE    偏移，并进入状态 169
    '+'     偏移，并进入状态 89
    '-'     偏移，并进入状态 90
    '*'     偏移，并进入状态 91
    '/'     偏移，并进入状态 92

    comp_op  转到状态 170


状态 141

   99 where: WHERE condition_list •

    $default  使用规则 99 以归约 (where)


状态 142

  101 condition_list: condition •
  102               | condition • AND condition_list

    AND  偏移，并进入状态 171

    $default  使用规则 101 以归约 (condition_list)


状态 143

   63 update_stmt: UPDATE ID SET ID EQ • value where

    NULL_SYM  偏移，并进入状态 52
    NUMBER    偏移，并进入状态 53
    FLOAT     偏移，并进入状态 54
    SSS       偏移，并进入状态 56
    '-'       偏移，并进入状态 123

    value  转到状态 172


状态 144

   55 value: '-' value •

    $default  使用规则 55 以归约 (value)


状态 145

  115 load_data_stmt: LOAD DATA INFILE SSS INTO • TABLE ID

    TABLE  偏移，并进入状态 173


状态 146

   47 type: INT_T •

    $default  使用规则 47 以归约 (type)


状态 147

   48 type: STRING_T •

    $default  使用规则 48 以归约 (type)


状态 148

   49 type: FLOAT_T •

    $default  使用规则 49 以归约 (type)


状态 149

   50 type: DATE_T •

    $default  使用规则 50 以归约 (type)


状态 150

   51 type: TEXT_T •

    $default  使用规则 51 以归约 (type)


状态 151

   40 attr_def: ID type • LBRACE number RBRACE opt_null
   41         | ID type • opt_null

    LBRACE        偏移，并进入状态 174
    NOT           偏移，并进入状态 175
    NULL_SYM      偏移，并进入状态 176
    NULLABLE_SYM  偏移，并进入状态 177

    $default  使用规则 42 以归约 (opt_null)

    opt_null  转到状态 178


状态 152

   39 attr_def_list: COMMA • attr_def attr_def_list

    ID  偏移，并进入状态 126

    attr_def  转到状态 179


状态 153

   37 create_table_stmt: CREATE TABLE ID LBRACE attr_def attr_def_list • RBRACE storage_format

    RBRACE  偏移，并进入状态 180


状态 154

   31 create_index_stmt: CREATE opt_unique INDEX ID ON ID • LBRACE ID_list RBRACE

    LBRACE  偏移，并进入状态 181


状态 155

   95 comma_ref_list: relation COMMA table_ref_list •

    $default  使用规则 95 以归约 (comma_ref_list)


状态 156

   96 join_ref_list: relation INNER JOIN • relation ON condition_list

    ID  偏移，并进入状态 114

    relation  转到状态 182


状态 157

  114 group_by: GROUP • BY expression_list

    BY  偏移，并进入状态 183


状态 158

   64 select_stmt: SELECT expression_list FROM table_ref_list where group_by • opt_order_by

    ORDER  偏移，并进入状态 184

    $default  使用规则 65 以归约 (opt_order_by)

    opt_order_by  转到状态 185


状态 159

   97 join_ref_list: join_ref_list INNER JOIN • relation ON condition_list

    ID  偏移，并进入状态 114

    relation  转到状态 186


状态 160

   52 insert_stmt: INSERT INTO ID VALUES LBRACE value • value_list RBRACE

    COMMA  偏移，并进入状态 187

    $default  使用规则 53 以归约 (value_list)

    value_list  转到状态 188


状态 161

  105 comp_op: EQ •

    $default  使用规则 105 以归约 (comp_op)


状态 162

  106 comp_op: LT •

    $default  使用规则 106 以归约 (comp_op)


状态 163

  107 comp_op: GT •

    $default  使用规则 107 以归约 (comp_op)


状态 164

  108 comp_op: LE •

    $default  使用规则 108 以归约 (comp_op)


状态 165

  109 comp_op: GE •

    $default  使用规则 109 以归约 (comp_op)


状态 166

  110 comp_op: NE •

    $default  使用规则 110 以归约 (comp_op)


状态 167

  104 condition: expression IS_SYM • NULL_SYM

    NULL_SYM  偏移，并进入状态 189


状态 168

  112 comp_op: NOT • LIKE

    LIKE  偏移，并进入状态 190


状态 169

  111 comp_op: LIKE •

    $default  使用规则 111 以归约 (comp_op)


状态 170

  103 condition: expression comp_op • expression

    LBRACE    偏移，并进入状态 46
    MAX       偏移，并进入状态 47
    MIN       偏移，并进入状态 48
    SUM       偏移，并进入状态 49
    AVG       偏移，并进入状态 50
    COUNT     偏移，并进入状态 51
    NULL_SYM  偏移，并进入状态 52
    NUMBER    偏移，并进入状态 53
    FLOAT     偏移，并进入状态 54
    ID        偏移，并进入状态 55
    SSS       偏移，并进入状态 56
    '-'       偏移，并进入状态 57
    '*'       偏移，并进入状态 58

    value       转到状态 59
    expression  转到状态 191
    rel_attr    转到状态 62


状态 171

  102 condition_list: condition AND • condition_list

    LBRACE    偏移，并进入状态 46
    MAX       偏移，并进入状态 47
    MIN       偏移，并进入状态 48
    SUM       偏移，并进入状态 49
    AVG       偏移，并进入状态 50
    COUNT     偏移，并进入状态 51
    NULL_SYM  偏移，并进入状态 52
    NUMBER    偏移，并进入状态 53
    FLOAT     偏移，并进入状态 54
    ID        偏移，并进入状态 55
    SSS       偏移，并进入状态 56
    '-'       偏移，并进入状态 57
    '*'       偏移，并进入状态 58

    $default  使用规则 100 以归约 (condition_list)

    value           转到状态 59
    expression      转到状态 140
    rel_attr        转到状态 62
    condition_list  转到状态 192
    condition       转到状态 142


状态 172

   63 update_stmt: UPDATE ID SET ID EQ value • where

    WHERE  偏移，并进入状态 120

    $default  使用规则 98 以归约 (where)

    where  转到状态 193


状态 173

  115 load_data_stmt: LOAD DATA INFILE SSS INTO TABLE • ID

    ID  偏移，并进入状态 194


状态 174

   40 attr_def: ID type LBRACE • number RBRACE opt_null

    NUMBER  偏移，并进入状态 195

    number  转到状态 196


状态 175

   45 opt_null: NOT • NULL_SYM

    NULL_SYM  偏移，并进入状态 197


状态 176

   44 opt_null: NULL_SYM •

    $default  使用规则 44 以归约 (opt_null)


状态 177

   43 opt_null: NULLABLE_SYM •

    $default  使用规则 43 以归约 (opt_null)


状态 178

   41 attr_def: ID type opt_null •

    $default  使用规则 41 以归约 (attr_def)


状态 179

   39 attr_def_list: COMMA attr_def • attr_def_list

    COMMA  偏移，并进入状态 152

    $default  使用规则 38 以归约 (attr_def_list)

    attr_def_list  转到状态 198


状态 180

   37 create_table_stmt: CREATE TABLE ID LBRACE attr_def attr_def_list RBRACE • storage_format

    STORAGE  偏移，并进入状态 199

    $default  使用规则 60 以归约 (storage_format)

    storage_format  转到状态 200


状态 181

   31 create_index_stmt: CREATE opt_unique INDEX ID ON ID LBRACE • ID_list RBRACE

    ID  偏移，并进入状态 201

    ID_list  转到状态 202


状态 182

   96 join_ref_list: relation INNER JOIN relation • ON condition_list

    ON  偏移，并进入状态 203


状态 183

  114 group_by: GROUP BY • expression_list

    LBRACE    偏移，并进入状态 46
    MAX       偏移，并进入状态 47
    MIN       偏移，并进入状态 48
    SUM       偏移，并进入状态 49
    AVG       偏移，并进入状态 50
    COUNT     偏移，并进入状态 51
    NULL_SYM  偏移，并进入状态 52
    NUMBER    偏移，并进入状态 53
    FLOAT     偏移，并进入状态 54
    ID        偏移，并进入状态 55
    SSS       偏移，并进入状态 56
    '-'       偏移，并进入状态 57
    '*'       偏移，并进入状态 58

    value            转到状态 59
    expression_list  转到状态 204
    expression       转到状态 61
    rel_attr         转到状态 62


状态 184

   66 opt_order_by: ORDER • BY order_by_list

    BY  偏移，并进入状态 205


状态 185

   64 select_stmt: SELECT expression_list FROM table_ref_list where group_by opt_order_by •

    $default  使用规则 64 以归约 (select_stmt)


状态 186

   97 join_ref_list: join_ref_list INNER JOIN relation • ON condition_list

    ON  偏移，并进入状态 206


状态 187

   54 value_list: COMMA • value value_list

    NULL_SYM  偏移，并进入状态 52
    NUMBER    偏移，并进入状态 53
    FLOAT     偏移，并进入状态 54
    SSS       偏移，并进入状态 56
    '-'       偏移，并进入状态 123

    value  转到状态 207


状态 188

   52 insert_stmt: INSERT INTO ID VALUES LBRACE value value_list • RBRACE

    RBRACE  偏移，并进入状态 208


状态 189

  104 condition: expression IS_SYM NULL_SYM •

    $default  使用规则 104 以归约 (condition)


状态 190

  112 comp_op: NOT LIKE •

    $default  使用规则 112 以归约 (comp_op)


状态 191

   76 expression: expression • '+' expression
   77           | expression • '-' expression
   78           | expression • '*' expression
   79           | expression • '/' expression
  103 condition: expression comp_op expression •

    '+'  偏移，并进入状态 89
    '-'  偏移，并进入状态 90
    '*'  偏移，并进入状态 91
    '/'  偏移，并进入状态 92

    $default  使用规则 103 以归约 (condition)


状态 192

  102 condition_list: condition AND condition_list •

    $default  使用规则 102 以归约 (condition_list)


状态 193

   63 update_stmt: UPDATE ID SET ID EQ value where •

    $default  使用规则 63 以归约 (update_stmt)


状态 194

  115 load_data_stmt: LOAD DATA INFILE SSS INTO TABLE ID •

    $default  使用规则 115 以归约 (load_data_stmt)


状态 195

   46 number: NUMBER •

    $default  使用规则 46 以归约 (number)


状态 196

   40 attr_def: ID type LBRACE number • RBRACE opt_null

    RBRACE  偏移，并进入状态 209


状态 197

   45 opt_null: NOT NULL_SYM •

    $default  使用规则 45 以归约 (opt_null)


状态 198

   39 attr_def_list: COMMA attr_def attr_def_list •

    $default  使用规则 39 以归约 (attr_def_list)


状态 199

   61 storage_format: STORAGE • FORMAT EQ ID

    FORMAT  偏移，并进入状态 210


状态 200

   37 create_table_stmt: CREATE TABLE ID LBRACE attr_def attr_def_list RBRACE storage_format •

    $default  使用规则 37 以归约 (create_table_stmt)


状态 201

   34 ID_list: ID •
   35        | ID • COMMA ID_list

    COMMA  偏移，并进入状态 211

    $default  使用规则 34 以归约 (ID_list)


状态 202

   31 create_index_stmt: CREATE opt_unique INDEX ID ON ID LBRACE ID_list • RBRACE

    RBRACE  偏移，并进入状态 212


状态 203

   96 join_ref_list: relation INNER JOIN relation ON • condition_list

    LBRACE    偏移，并进入状态 46
    MAX       偏移，并进入状态 47
    MIN       偏移，并进入状态 48
    SUM       偏移，并进入状态 49
    AVG       偏移，并进入状态 50
    COUNT     偏移，并进入状态 51
    NULL_SYM  偏移，并进入状态 52
    NUMBER    偏移，并进入状态 53
    FLOAT     偏移，并进入状态 54
    ID        偏移，并进入状态 55
    SSS       偏移，并进入状态 56
    '-'       偏移，并进入状态 57
    '*'       偏移，并进入状态 58

    $default  使用规则 100 以归约 (condition_list)

    value           转到状态 59
    expression      转到状态 140
    rel_attr        转到状态 62
    condition_list  转到状态 213
    condition       转到状态 142


状态 204

  114 group_by: GROUP BY expression_list •

    $default  使用规则 114 以归约 (group_by)


状态 205

   66 opt_order_by: ORDER BY • order_by_list

    LBRACE    偏移，并进入状态 46
    MAX       偏移，并进入状态 47
    MIN       偏移，并进入状态 48
    SUM       偏移，并进入状态 49
    AVG       偏移，并进入状态 50
    COUNT     偏移，并进入状态 51
    NULL_SYM  偏移，并进入状态 52
    NUMBER    偏移，并进入状态 53
    FLOAT     偏移，并进入状态 54
    ID        偏移，并进入状态 55
    SSS       偏移，并进入状态 56
    '-'       偏移，并进入状态 57
    '*'       偏移，并进入状态 58

    value          转到状态 59
    order_by_list  转到状态 214
    order_by       转到状态 215
    expression     转到状态 216
    rel_attr       转到状态 62


状态 206

   97 join_ref_list: join_ref_list INNER JOIN relation ON • condition_list

    LBRACE    偏移，并进入状态 46
    MAX       偏移，并进入状态 47
    MIN       偏移，并进入状态 48
    SUM       偏移，并进入状态 49
    AVG       偏移，并进入状态 50
    COUNT     偏移，并进入状态 51
    NULL_SYM  偏移，并进入状态 52
    NUMBER    偏移，并进入状态 53
    FLOAT     偏移，并进入状态 54
    ID        偏移，并进入状态 55
    SSS       偏移，并进入状态 56
    '-'       偏移，并进入状态 57
    '*'       偏移，并进入状态 58

    $default  使用规则 100 以归约 (condition_list)

    value           转到状态 59
    expression      转到状态 140
    rel_attr        转到状态 62
    condition_list  转到状态 217
    condition       转到状态 142


状态 207

   54 value_list: COMMA value • value_list

    COMMA  偏移，并进入状态 187

    $default  使用规则 53 以归约 (value_list)

    value_list  转到状态 218


状态 208

   52 insert_stmt: INSERT INTO ID VALUES LBRACE value value_list RBRACE •

    $default  使用规则 52 以归约 (insert_stmt)


状态 209

   40 attr_def: ID type LBRACE number RBRACE • opt_null

    NOT           偏移，并进入状态 175
    NULL_SYM      偏移，并进入状态 176
    NULLABLE_SYM  偏移，并进入状态 177

    $default  使用规则 42 以归约 (opt_null)

    opt_null  转到状态 219


状态 210

   61 storage_format: STORAGE FORMAT • EQ ID

    EQ  偏移，并进入状态 220


状态 211

   35 ID_list: ID COMMA • ID_list

    ID  偏移，并进入状态 201

    ID_list  转到状态 221


状态 212

   31 create_index_stmt: CREATE opt_unique INDEX ID ON ID LBRACE ID_list RBRACE •

    $default  使用规则 31 以归约 (create_index_stmt)


状态 213

   96 join_ref_list: relation INNER JOIN relation ON condition_list •

    $default  使用规则 96 以归约 (join_ref_list)


状态 214

   66 opt_order_by: ORDER BY order_by_list •

    $default  使用规则 66 以归约 (opt_order_by)


状态 215

   67 order_by_list: order_by •
   68              | order_by • COMMA order_by_list

    COMMA  偏移，并进入状态 222

    $default  使用规则 67 以归约 (order_by_list)


状态 216

   69 order_by: expression •
   70         | expression • ASC
   71         | expression • DESC
   76 expression: expression • '+' expression
   77           | expression • '-' expression
   78           | expression • '*' expression
   79           | expression • '/' expression

    DESC  偏移，并进入状态 223
    ASC   偏移，并进入状态 224
    '+'   偏移，并进入状态 89
    '-'   偏移，并进入状态 90
    '*'   偏移，并进入状态 91
    '/'   偏移，并进入状态 92

    $default  使用规则 69 以归约 (order_by)


状态 217

   97 join_ref_list: join_ref_list INNER JOIN relation ON condition_list •

    $default  使用规则 97 以归约 (join_ref_list)


状态 218

   54 value_list: COMMA value value_list •

    $default  使用规则 54 以归约 (value_list)


状态 219

   40 attr_def: ID type LBRACE number RBRACE opt_null •

    $default  使用规则 40 以归约 (attr_def)


状态 220

   61 storage_format: STORAGE FORMAT EQ • ID

    ID  偏移，并进入状态 225


状态 221

   35 ID_list: ID COMMA ID_list •

    $default  使用规则 35 以归约 (ID_list)


状态 222

   68 order_by_list: order_by COMMA • order_by_list

    LBRACE    偏移，并进入状态 46
    MAX       偏移，并进入状态 47
    MIN       偏移，并进入状态 48
    SUM       偏移，并进入状态 49
    AVG       偏移，并进入状态 50
    COUNT     偏移，并进入状态 51
    NULL_SYM  偏移，并进入状态 52
    NUMBER    偏移，并进入状态 53
    FLOAT     偏移，并进入状态 54
    ID        偏移，并进入状态 55
    SSS       偏移，并进入状态 56
    '-'       偏移，并进入状态 57
    '*'       偏移，并进入状态 58

    value          转到状态 59
    order_by_list  转到状态 226
    order_by       转到状态 215
    expression     转到状态 216
    rel_attr       转到状态 62


状态 223

   71 order_by: expression DESC •

    $default  使用规则 71 以归约 (order_by)


状态 224

   70 order_by: expression ASC •

    $default  使用规则 70 以归约 (order_by)


状态 225

   61 storage_format: STORAGE FORMAT EQ ID •

    $default  使用规则 61 以归约 (storage_format)


状态 226

   68 order_by_list: order_by COMMA order_by_list •

    $default  使用规则 68 以归约 (order_by_list)
